[2024-10-24 23:26:09.753] [DISPLAY] [Main ] [launcher] Opening log file.
[2024-10-24 23:26:09.756] [DISPLAY] [Main ] [main] Command line: "C:\Program Files\Rockstar Games\Launcher\Launcher.exe" -skipPatcherCheck -steamAppId=204100 -steamLocation "G:\SteamLibrary\steamapps\common\Max Payne 3\Max Payne 3" @args.txt -upgrade
[2024-10-24 23:26:09.756] [DISPLAY] [Main ] [main] P4 Version: 
[2024-10-24 23:26:09.756] [DISPLAY] [Main ] [main] RGL Branch: release_12
[2024-10-24 23:26:09.756] [DISPLAY] [Main ] [main] Version: 1.0.97.2200
[2024-10-24 23:26:09.756] [DISPLAY] [Main ] [main] Parameters:
[2024-10-24 23:26:09.756] [DISPLAY] [Main ] [main]     C:\Program Files\Rockstar Games\Launcher\Launcher.exe
[2024-10-24 23:26:09.756] [DISPLAY] [Main ] [main]     -skipPatcherCheck
[2024-10-24 23:26:09.756] [DISPLAY] [Main ] [main]     -steamAppId=204100
[2024-10-24 23:26:09.756] [DISPLAY] [Main ] [main]     -steamLocation
[2024-10-24 23:26:09.756] [DISPLAY] [Main ] [main]     G:\SteamLibrary\steamapps\common\Max Payne 3\Max Payne 3
[2024-10-24 23:26:09.756] [DISPLAY] [Main ] [main]     @args.txt
[2024-10-24 23:26:09.756] [DISPLAY] [Main ] [main]     -upgrade
[2024-10-24 23:26:09.756] [DISPLAY] [Main ] [main] Initial Working Directory: C:\Program Files\Rockstar Games\Launcher
[2024-10-24 23:26:09.756] [DISPLAY] [Main ] [main] Working directory: C:\Program Files\Rockstar Games\Launcher
[2024-10-24 23:26:09.782] [DISPLAY] [Main ] [external] Creating Steam min mode launch
[2024-10-24 23:26:09.785] [DISPLAY] [Main ] [external] Steam App Id: 204100
[2024-10-24 23:26:09.785] [DISPLAY] [Main ] [external] Steam Location: G:\SteamLibrary\steamapps\common\Max Payne 3\Max Payne 3
[2024-10-24 23:26:09.786] [DISPLAY] [Main ] [metadatamanager] Read external Steam metadata: mp3
[2024-10-24 23:26:09.786] [DISPLAY] [Main ] [external] App: mp3
[2024-10-24 23:26:09.802] [ ERROR ] [Main ] [shell] Could not do OpenProcess on parent process.
[2024-10-24 23:26:09.807] [DISPLAY] [Main ] [localisation] Language updated to: 0
[2024-10-24 23:26:09.826] [DISPLAY] [Main ] [titlestorage] Installed titles:
[2024-10-24 23:26:09.826] [DISPLAY] [Main ] [titlestorage]  Title                             Progress               Version              Location                                                    
[2024-10-24 23:26:09.836] [DISPLAY] [Main ] [svc] Service version: 1.0.97.2200 (1.0.97.2200)
[2024-10-24 23:26:09.916] [DISPLAY] [Main ] [minmode] Overriding language from external game launch: en-US
[2024-10-24 23:26:09.916] [DISPLAY] [Main ] [localisation] Language updated to: 0
[2024-10-24 23:26:09.917] [DISPLAY] [Main ] [fileutils] Version: 2.3.7.1 | 1.0.97.2200 | FFP
[2024-10-24 23:26:09.944] [DISPLAY] [Workr] [selfupdate] Up-to-date.
[2024-10-24 23:26:10.060] [DISPLAY] [Main ] [systemtray] System tray: enabled
[2024-10-24 23:26:10.067] [DISPLAY] [Main ] [launcher] Passed check: majorVersion(10.0.22631) >= 10
[2024-10-24 23:26:10.716] [DISPLAY] [bgsvc] [svc] Received response from service.
[2024-10-24 23:26:10.754] [DISPLAY] [Workr] [idownloader] Starting download of 'https://gamedownloads-rockstargames-com.akamaized.net/public/launcher_online_config.xml'
[2024-10-24 23:26:10.889] [DISPLAY] [Workr] [idownloader] Completed download of 'https://gamedownloads-rockstargames-com.akamaized.net/public/launcher_online_config.xml' (status: 0/200)
[2024-10-24 23:26:10.889] [DISPLAY] [Workr] [titlemanager] Downloading title list...
[2024-10-24 23:26:10.889] [DISPLAY] [Workr] [titlemanager] Downloading default title list (SCS)...
[2024-10-24 23:26:10.889] [DISPLAY] [Workr] [titlemanager] Title list updated.
[2024-10-24 23:26:10.889] [DISPLAY] [Workr] [launcher] Checking for prerequisite updates...
[2024-10-24 23:26:10.949] [DISPLAY] [Workr] [preqmanager] A newer version of Social Club is available to be installed (available: 2.3.7.8, installed: 2.3.7.1)
[2024-10-24 23:26:10.949] [DISPLAY] [Workr] [preqmanager] Flagging Social Club for reinstall.
[2024-10-24 23:26:11.054] [DISPLAY] [Workr] [titleupdater] Installing prerequisites for title launcher
[2024-10-24 23:26:11.055] [DISPLAY] [Workr] [preqmanager] Installer version: 2.3.7.8
[2024-10-24 23:26:11.055] [DISPLAY] [Workr] [preqmanager] About to launch process: C:\Program Files\Rockstar Games\Launcher\Redistributables\SocialClub\Social-Club-Setup.exe (with commandline: /silent /forceinstall)
[2024-10-24 23:26:18.898] [DISPLAY] [Workr] [launcher] Checking minimum SDK requirement
[2024-10-24 23:26:18.962] [DISPLAY] [Workr] [launcher] Completed Social Club Pre-initialization tasks
[2024-10-24 23:26:20.903] [DISPLAY] [Main ] [launcher] Social Club UI has started.
[2024-10-24 23:26:20.904] [DISPLAY] [Admin] [external] Setting up steam title: mp3
[2024-10-24 23:26:20.904] [DISPLAY] [Admin] [external] Successfully setup title
[2024-10-24 23:26:20.921] [DISPLAY] [Main ] [external] Client is ready to attempt a launch.
[2024-10-24 23:26:24.625] [DISPLAY] [Main ] [launcher] Presence Event - Signed In
[2024-10-24 23:26:24.625] [DISPLAY] [Main ] [launcher] User 'FelixBand' is now signed in
[2024-10-24 23:26:24.653] [DISPLAY] [Main ] [launcher] Presence Event :: Went Online
[2024-10-24 23:26:24.653] [DISPLAY] [Admin] [titlemanager] Downloading title list...
[2024-10-24 23:26:24.657] [DISPLAY] [Main ] [launcher] Time to start up: 14967 ms
[2024-10-24 23:26:24.661] [DISPLAY] [Admin] [titlemanager] Downloading title list (SCS)...
[2024-10-24 23:26:24.663] [DISPLAY] [Main ] [ui_mainwindow] Using DPI 96,96
[2024-10-24 23:26:24.663] [DISPLAY] [Main ] [ui_mainwindow] Using UI Scale: 1.00
[2024-10-24 23:26:24.664] [DISPLAY] [Main ] [ui_mainwindow] Using saved geometry: 640,396 (1280 x 600)
[2024-10-24 23:26:24.739] [DISPLAY] [Main ] [systemtray] System tray: enabled
[2024-10-24 23:26:24.750] [DISPLAY] [Main ] [scuicallbacks] Enabling Downloading
[2024-10-24 23:26:25.011] [DISPLAY] [Main ] [launcher] Friend Event - Friends are Available
[2024-10-24 23:26:25.090] [DISPLAY] [Setti] [localisation] Language updated to: 0
[2024-10-24 23:26:25.161] [DISPLAY] [Main ] [scuicallbacks] Setting updated
[2024-10-24 23:26:25.161] [DISPLAY] [Main ] [scuicallbacks] Launch requested
[2024-10-24 23:26:25.161] [DISPLAY] [Main ] [scuicallbacks] Launch requested by user: mp3, 
[2024-10-24 23:26:25.161] [DISPLAY] [Main ] [external] Frontend is ready to launch the title
[2024-10-24 23:26:25.161] [DISPLAY] [Main ] [external] Attempting external title launch...
[2024-10-24 23:26:25.275] [DISPLAY] [Setti] [localisation] Language updated to: 0
[2024-10-24 23:26:25.746] [DISPLAY] [Admin] [titlemanager] Title list updated.
[2024-10-24 23:26:25.746] [DISPLAY] [Admin] [external] Attempting Steam launch. User is 'Felix Band'
[2024-10-24 23:26:25.877] [DISPLAY] [ 6792] [gamelaunch] Title has no minimum RGL version.
[2024-10-24 23:26:25.877] [DISPLAY] [ 6792] [gamelaunch] Title has no minimum RGL version.
[2024-10-24 23:26:26.931] [DISPLAY] [Admin] [titlemanager] Downloading title list...
[2024-10-24 23:26:26.931] [DISPLAY] [Admin] [titlemanager] Downloading title list (SCS)...
[2024-10-24 23:26:27.902] [DISPLAY] [Admin] [titlemanager] Title list updated.
[2024-10-24 23:26:30.218] [DISPLAY] [ 6792] [gamelaunch] Launching game...
[2024-10-24 23:26:30.218] [DISPLAY] [ 6792] [gamelaunch]  Path: G:\SteamLibrary\steamapps\common\Max Payne 3\Max Payne 3\MaxPayne3.exe
[2024-10-24 23:26:30.218] [DISPLAY] [ 6792] [gamelaunch]  Command Line: "G:\SteamLibrary\steamapps\common\Max Payne 3\Max Payne 3\MaxPayne3.exe" -skipPatcherCheck -steamLocation "G:\SteamLibrary\steamapps\common\Max Payne 3\Max Payne 3" @args.txt -upgrade -useSteam -steamAppId=204100 -scCommerceProvider=4 @commandline.txt -fromRGL -rglLanguage=en-US
[2024-10-24 23:26:30.218] [DISPLAY] [ 6792] [gamelaunch]  Working Directory: G:\SteamLibrary\steamapps\common\Max Payne 3\Max Payne 3
[2024-10-24 23:26:45.678] [DISPLAY] [ 6792] [gamelaunch] Game exited with code 0xc0000005 (3221225477)
[2024-10-24 23:26:45.694] [DISPLAY] [ 6792] [crashdetection] Game left no exit file.
[2024-10-24 23:26:45.694] [ ERROR ] [ 6792] [crashdetection] Exit code 0xc0000005 indicates a fatal game exit (reason: STATUS_ACCESS_VIOLATION)
[2024-10-24 23:26:46.404] [DISPLAY] [ 6792] [launcher] Shutdown requested! Forced: false
[2024-10-24 23:26:46.405] [DISPLAY] [Main ] [launcher] StartShutdown - Now in progress
[2024-10-24 23:26:47.130] [WARNING] [Main ] [worker] Not adding job due to thread exiting
[2024-10-24 23:26:47.147] [WARNING] [Main ] [worker] Not adding job due to thread exiting
[2024-10-24 23:26:47.228] [DISPLAY] [Setti] [localisation] Language updated to: 0
[2024-10-24 23:26:48.013] [DISPLAY] [Main ] [app] Application quit requested (exit code: 0)
[2024-10-24 23:26:48.067] [DISPLAY] [Main ] [svc] Stopping the background service.
