[2024-10-31 14:59:53.708] [DISPLAY] [Main ] [launcher] Opening log file.
[2024-10-31 14:59:53.715] [DISPLAY] [Main ] [main] Command line: "C:\Program Files\Rockstar Games\Launcher\Launcher.exe" -skipPatcherCheck -steamAppId=204100 -steamLocation "G:\SteamLibrary\steamapps\common\Max Payne 3\Max Payne 3"  @args.txt
[2024-10-31 14:59:53.715] [DISPLAY] [Main ] [main] P4 Version: 
[2024-10-31 14:59:53.715] [DISPLAY] [Main ] [main] RGL Branch: release_12
[2024-10-31 14:59:53.715] [DISPLAY] [Main ] [main] Version: 1.0.97.2200
[2024-10-31 14:59:53.715] [DISPLAY] [Main ] [main] Parameters:
[2024-10-31 14:59:53.715] [DISPLAY] [Main ] [main]     C:\Program Files\Rockstar Games\Launcher\Launcher.exe
[2024-10-31 14:59:53.715] [DISPLAY] [Main ] [main]     -skipPatcherCheck
[2024-10-31 14:59:53.715] [DISPLAY] [Main ] [main]     -steamAppId=204100
[2024-10-31 14:59:53.715] [DISPLAY] [Main ] [main]     -steamLocation
[2024-10-31 14:59:53.715] [DISPLAY] [Main ] [main]     G:\SteamLibrary\steamapps\common\Max Payne 3\Max Payne 3
[2024-10-31 14:59:53.715] [DISPLAY] [Main ] [main]     @args.txt
[2024-10-31 14:59:53.715] [DISPLAY] [Main ] [main] Initial Working Directory: G:\SteamLibrary\steamapps\common\Max Payne 3\Max Payne 3
[2024-10-31 14:59:53.715] [DISPLAY] [Main ] [main] Working directory: C:\Program Files\Rockstar Games\Launcher
[2024-10-31 14:59:53.744] [DISPLAY] [Main ] [external] Creating Steam min mode launch
[2024-10-31 14:59:53.748] [DISPLAY] [Main ] [external] Steam App Id: 204100
[2024-10-31 14:59:53.748] [DISPLAY] [Main ] [external] Steam Location: G:\SteamLibrary\steamapps\common\Max Payne 3\Max Payne 3
[2024-10-31 14:59:53.748] [DISPLAY] [Main ] [metadatamanager] Read external Steam metadata: mp3
[2024-10-31 14:59:53.748] [DISPLAY] [Main ] [external] App: mp3
[2024-10-31 14:59:53.792] [DISPLAY] [Main ] [localisation] Language updated to: 0
[2024-10-31 14:59:53.827] [DISPLAY] [Main ] [titlestorage] Installed titles:
[2024-10-31 14:59:53.827] [DISPLAY] [Main ] [titlestorage]  Title                             Progress               Version              Location                                                    
[2024-10-31 14:59:54.140] [DISPLAY] [Main ] [svc] Service version: 1.0.97.2200 (1.0.97.2200)
[2024-10-31 14:59:54.533] [DISPLAY] [Main ] [minmode] Overriding language from external game launch: en-US
[2024-10-31 14:59:54.533] [DISPLAY] [Main ] [localisation] Language updated to: 0
[2024-10-31 14:59:54.535] [DISPLAY] [Main ] [fileutils] Version: 2.3.7.8 | 1.0.97.2200 | FFP
[2024-10-31 14:59:54.596] [DISPLAY] [Workr] [selfupdate] Up-to-date.
[2024-10-31 14:59:54.804] [DISPLAY] [Main ] [systemtray] System tray: enabled
[2024-10-31 14:59:54.813] [DISPLAY] [Main ] [launcher] Passed check: majorVersion(10.0.22631) >= 10
[2024-10-31 14:59:55.939] [WARNING] [Main ] [svc] Handshake with service timed out. Setting message protocol to version 0.
[2024-10-31 14:59:56.096] [DISPLAY] [bgsvc] [svc] Received response from service.
[2024-10-31 14:59:56.123] [DISPLAY] [Workr] [idownloader] Starting download of 'https://gamedownloads-rockstargames-com.akamaized.net/public/launcher_online_config.xml'
[2024-10-31 14:59:56.418] [DISPLAY] [Workr] [idownloader] Completed download of 'https://gamedownloads-rockstargames-com.akamaized.net/public/launcher_online_config.xml' (status: 0/200)
[2024-10-31 14:59:56.418] [DISPLAY] [Workr] [titlemanager] Downloading title list...
[2024-10-31 14:59:56.418] [DISPLAY] [Workr] [titlemanager] Downloading default title list (SCS)...
[2024-10-31 14:59:56.419] [DISPLAY] [Workr] [idownloader] Starting download of 'https://rgl-prod.ros.rockstargames.com/launcher/11/LauncherServices/App.asmx/GetDefaultApps?accessToken='
[2024-10-31 14:59:57.478] [DISPLAY] [Workr] [idownloader] Completed download of 'https://rgl-prod.ros.rockstargames.com/launcher/11/LauncherServices/App.asmx/GetDefaultApps?accessToken=' (status: 0/200)
[2024-10-31 14:59:57.479] [DISPLAY] [Workr] [titlemanager] Title list updated.
[2024-10-31 14:59:57.479] [DISPLAY] [Workr] [launcher] Checking for self-update...
[2024-10-31 14:59:57.493] [DISPLAY] [Workr] [statuschecker] Title Rockstar Games Launcher: No update
[2024-10-31 14:59:57.502] [DISPLAY] [Workr] [launcher] No self-update, continuing.
[2024-10-31 14:59:57.502] [DISPLAY] [Workr] [launcher] Checking for prerequisite updates...
[2024-10-31 14:59:57.546] [DISPLAY] [Workr] [preqmanager] The Social Club version available matches that currently installed (both: 2.3.7.8)
[2024-10-31 14:59:57.546] [DISPLAY] [Workr] [titleupdater] No prerequisites to install.
[2024-10-31 14:59:57.546] [DISPLAY] [Workr] [launcher] Checking minimum SDK requirement
[2024-10-31 14:59:57.549] [DISPLAY] [Workr] [launcher] Completed Social Club Pre-initialization tasks
[2024-10-31 14:59:59.859] [DISPLAY] [Main ] [launcher] Social Club UI has started.
[2024-10-31 14:59:59.860] [DISPLAY] [Admin] [external] Setting up steam title: mp3
[2024-10-31 14:59:59.861] [DISPLAY] [Admin] [external] Successfully setup title
[2024-10-31 14:59:59.875] [DISPLAY] [Main ] [external] Client is ready to attempt a launch.
[2024-10-31 15:00:05.213] [DISPLAY] [Main ] [launcher] Presence Event - Signed In
[2024-10-31 15:00:05.213] [DISPLAY] [Main ] [launcher] User 'FelixBand' is now signed in
[2024-10-31 15:00:05.272] [DISPLAY] [Main ] [launcher] Presence Event :: Went Online
[2024-10-31 15:00:05.273] [DISPLAY] [Main ] [launcher] Time to start up: 11659 ms
[2024-10-31 15:00:05.274] [DISPLAY] [Admin] [titlemanager] Downloading title list...
[2024-10-31 15:00:05.279] [DISPLAY] [Main ] [ui_mainwindow] Using DPI 96,96
[2024-10-31 15:00:05.279] [DISPLAY] [Main ] [ui_mainwindow] Using UI Scale: 1.00
[2024-10-31 15:00:05.280] [DISPLAY] [Main ] [ui_mainwindow] Using saved geometry: 640,396 (1280 x 600)
[2024-10-31 15:00:05.299] [DISPLAY] [Admin] [titlemanager] Downloading title list (SCS)...
[2024-10-31 15:00:05.312] [DISPLAY] [Main ] [systemtray] System tray: enabled
[2024-10-31 15:00:05.334] [DISPLAY] [Main ] [scuicallbacks] Enabling Downloading
[2024-10-31 15:00:05.894] [DISPLAY] [Main ] [scuicallbacks] Setting updated
[2024-10-31 15:00:05.894] [DISPLAY] [Main ] [scuicallbacks] Launch requested
[2024-10-31 15:00:05.894] [DISPLAY] [Main ] [scuicallbacks] Launch requested by user: mp3, 
[2024-10-31 15:00:05.894] [DISPLAY] [Main ] [external] Frontend is ready to launch the title
[2024-10-31 15:00:05.894] [DISPLAY] [Main ] [external] Attempting external title launch...
[2024-10-31 15:00:05.921] [DISPLAY] [Main ] [launcher] Friend Event - Friends are Available
[2024-10-31 15:00:06.050] [DISPLAY] [Setti] [localisation] Language updated to: 0
[2024-10-31 15:00:06.675] [DISPLAY] [Admin] [titlemanager] Title list updated.
[2024-10-31 15:00:06.678] [DISPLAY] [Admin] [external] Attempting Steam launch. User is 'Felix Band'
[2024-10-31 15:00:06.851] [DISPLAY] [25476] [gamelaunch] Title has no minimum RGL version.
[2024-10-31 15:00:06.851] [DISPLAY] [25476] [gamelaunch] Title has no minimum RGL version.
[2024-10-31 15:00:08.002] [DISPLAY] [Admin] [titlemanager] Downloading title list...
[2024-10-31 15:00:08.002] [DISPLAY] [Admin] [titlemanager] Downloading title list (SCS)...
[2024-10-31 15:00:08.831] [DISPLAY] [Admin] [titlemanager] Title list updated.
[2024-10-31 15:00:11.862] [DISPLAY] [25476] [gamelaunch] Launching game...
[2024-10-31 15:00:11.862] [DISPLAY] [25476] [gamelaunch]  Path: G:\SteamLibrary\steamapps\common\Max Payne 3\Max Payne 3\MaxPayne3.exe
[2024-10-31 15:00:11.862] [DISPLAY] [25476] [gamelaunch]  Command Line: "G:\SteamLibrary\steamapps\common\Max Payne 3\Max Payne 3\MaxPayne3.exe" -skipPatcherCheck -steamLocation "G:\SteamLibrary\steamapps\common\Max Payne 3\Max Payne 3" @args.txt -useSteam -steamAppId=204100 -scCommerceProvider=4 @commandline.txt -fromRGL -rglLanguage=en-US
[2024-10-31 15:00:11.862] [DISPLAY] [25476] [gamelaunch]  Working Directory: G:\SteamLibrary\steamapps\common\Max Payne 3\Max Payne 3
[2024-10-31 15:00:17.366] [DISPLAY] [25476] [gamelaunch] Game exited with code 0xc0000005 (3221225477)
[2024-10-31 15:00:17.409] [DISPLAY] [25476] [crashdetection] Game left no exit file.
[2024-10-31 15:00:17.409] [ ERROR ] [25476] [crashdetection] Exit code 0xc0000005 indicates a fatal game exit (reason: STATUS_ACCESS_VIOLATION)
[2024-10-31 15:00:17.409] [ ERROR ] [25476] [gamelaunch] Game did not create a window and exited with code 0xc0000005, which likely indicates a fatal game exit during startup
[2024-10-31 15:00:22.662] [DISPLAY] [25476] [launcher] Shutdown requested! Forced: false
[2024-10-31 15:00:22.666] [DISPLAY] [Main ] [launcher] StartShutdown - Now in progress
[2024-10-31 15:00:23.567] [WARNING] [Main ] [worker] Not adding job due to thread exiting
[2024-10-31 15:00:23.583] [WARNING] [Main ] [worker] Not adding job due to thread exiting
[2024-10-31 15:00:23.955] [DISPLAY] [Sett2] [localisation] Language updated to: 0
[2024-10-31 15:00:26.612] [DISPLAY] [Main ] [app] Application quit requested (exit code: 0)
[2024-10-31 15:00:26.678] [DISPLAY] [Main ] [svc] Stopping the background service.
