[2024-10-15 20:09:03.970] [DISPLAY] [Main ] [launcher] Opening log file.
[2024-10-15 20:09:03.972] [WARNING] [Main ] [launcher] Unable to move log file, waiting and trying again...
[2024-10-15 20:09:04.473] [WARNING] [Main ] [launcher] Unable to move log file, waiting and trying again...
[2024-10-15 20:09:04.975] [DISPLAY] [Main ] [main] Command line: "C:\Program Files\Rockstar Games\Launcher\Launcher.exe" -skipPatcherCheck -steamAppId=271590 -steamLocation "G:\SteamLibrary\steamapps\common\Grand Theft Auto V" @args.txt
[2024-10-15 20:09:04.975] [DISPLAY] [Main ] [main] P4 Version: 
[2024-10-15 20:09:04.975] [DISPLAY] [Main ] [main] RGL Branch: release_11
[2024-10-15 20:09:04.975] [DISPLAY] [Main ] [main] Version: 1.0.96.2164
[2024-10-15 20:09:04.975] [DISPLAY] [Main ] [main] Parameters:
[2024-10-15 20:09:04.975] [DISPLAY] [Main ] [main]     C:\Program Files\Rockstar Games\Launcher\Launcher.exe
[2024-10-15 20:09:04.975] [DISPLAY] [Main ] [main]     -skipPatcherCheck
[2024-10-15 20:09:04.975] [DISPLAY] [Main ] [main]     -steamAppId=271590
[2024-10-15 20:09:04.975] [DISPLAY] [Main ] [main]     -steamLocation
[2024-10-15 20:09:04.975] [DISPLAY] [Main ] [main]     G:\SteamLibrary\steamapps\common\Grand Theft Auto V
[2024-10-15 20:09:04.975] [DISPLAY] [Main ] [main]     @args.txt
[2024-10-15 20:09:04.975] [DISPLAY] [Main ] [main] Initial Working Directory: G:\SteamLibrary\steamapps\common\Grand Theft Auto V
[2024-10-15 20:09:04.975] [DISPLAY] [Main ] [main] Working directory: C:\Program Files\Rockstar Games\Launcher
[2024-10-15 20:09:05.002] [DISPLAY] [Main ] [external] Creating Steam min mode launch
[2024-10-15 20:09:05.005] [DISPLAY] [Main ] [external] Steam App Id: 271590
[2024-10-15 20:09:05.005] [DISPLAY] [Main ] [external] Steam Location: G:\SteamLibrary\steamapps\common\Grand Theft Auto V
[2024-10-15 20:09:05.006] [DISPLAY] [Main ] [metadatamanager] Read external Steam metadata: gta5
[2024-10-15 20:09:05.006] [DISPLAY] [Main ] [external] App: gta5
[2024-10-15 20:09:05.031] [DISPLAY] [Main ] [localisation] Language updated to: 0
[2024-10-15 20:09:05.050] [DISPLAY] [Main ] [titlestorage] Installed titles:
[2024-10-15 20:09:05.050] [DISPLAY] [Main ] [titlestorage]  Title                             Progress               Version              Location                                                    
[2024-10-15 20:09:05.059] [DISPLAY] [Main ] [svc] Service version: 1.0.96.2164 (1.0.96.2164)
[2024-10-15 20:09:05.140] [DISPLAY] [Main ] [minmode] Overriding language from external game launch: en-US
[2024-10-15 20:09:05.140] [DISPLAY] [Main ] [localisation] Language updated to: 0
[2024-10-15 20:09:05.142] [DISPLAY] [Main ] [fileutils] Version: 2.3.7.1 | 1.0.96.2164 | FFP
[2024-10-15 20:09:05.164] [DISPLAY] [Workr] [selfupdate] Up-to-date.
[2024-10-15 20:09:05.285] [DISPLAY] [Main ] [systemtray] System tray: enabled
[2024-10-15 20:09:05.293] [DISPLAY] [Main ] [launcher] Passed check: majorVersion(10.0.22631) >= 10
[2024-10-15 20:09:05.614] [DISPLAY] [bgsvc] [svc] Received response from service.
[2024-10-15 20:09:05.657] [DISPLAY] [Workr] [idownloader] Starting download of 'https://gamedownloads-rockstargames-com.akamaized.net/public/launcher_online_config.xml'
[2024-10-15 20:09:05.814] [DISPLAY] [Workr] [idownloader] Completed download of 'https://gamedownloads-rockstargames-com.akamaized.net/public/launcher_online_config.xml' (status: 0/200)
[2024-10-15 20:09:05.814] [DISPLAY] [Workr] [titlemanager] Downloading title list...
[2024-10-15 20:09:05.814] [DISPLAY] [Workr] [titlemanager] Downloading default title list (SCS)...
[2024-10-15 20:09:05.814] [DISPLAY] [Workr] [idownloader] Starting download of 'https://rgl-prod.ros.rockstargames.com/launcher/11/LauncherServices/App.asmx/GetDefaultApps?accessToken='
[2024-10-15 20:09:06.371] [DISPLAY] [Workr] [idownloader] Completed download of 'https://rgl-prod.ros.rockstargames.com/launcher/11/LauncherServices/App.asmx/GetDefaultApps?accessToken=' (status: 0/200)
[2024-10-15 20:09:06.371] [DISPLAY] [Workr] [titlemanager] Title list updated.
[2024-10-15 20:09:06.371] [DISPLAY] [Workr] [launcher] Checking for self-update...
[2024-10-15 20:09:06.378] [DISPLAY] [Workr] [statuschecker] Title Rockstar Games Launcher: No update
[2024-10-15 20:09:06.383] [DISPLAY] [Workr] [launcher] No self-update, continuing.
[2024-10-15 20:09:06.383] [DISPLAY] [Workr] [launcher] Checking for prerequisite updates...
[2024-10-15 20:09:06.386] [DISPLAY] [Workr] [preqmanager] The Social Club version available matches that currently installed (both: 2.3.7.1)
[2024-10-15 20:09:06.386] [DISPLAY] [Workr] [titleupdater] No prerequisites to install.
[2024-10-15 20:09:06.386] [DISPLAY] [Workr] [launcher] Checking minimum SDK requirement
[2024-10-15 20:09:06.388] [DISPLAY] [Workr] [launcher] Completed Social Club Pre-initialization tasks
[2024-10-15 20:09:12.823] [DISPLAY] [Main ] [launcher] Social Club UI has started.
[2024-10-15 20:09:12.824] [DISPLAY] [Admin] [external] Setting up steam title: gta5
[2024-10-15 20:09:12.824] [DISPLAY] [Admin] [external] Successfully setup title
[2024-10-15 20:09:12.840] [DISPLAY] [Main ] [external] Client is ready to attempt a launch.
[2024-10-15 20:09:15.599] [DISPLAY] [Main ] [launcher] Presence Event - Signed In
[2024-10-15 20:09:15.599] [DISPLAY] [Main ] [launcher] User 'FelixBand' is now signed in
[2024-10-15 20:09:15.630] [DISPLAY] [Main ] [launcher] Presence Event :: Went Online
[2024-10-15 20:09:15.630] [DISPLAY] [Admin] [titlemanager] Downloading title list...
[2024-10-15 20:09:15.631] [DISPLAY] [Main ] [launcher] Time to start up: 11722 ms
[2024-10-15 20:09:15.631] [DISPLAY] [Admin] [titlemanager] Downloading title list (SCS)...
[2024-10-15 20:09:15.643] [DISPLAY] [Main ] [ui_mainwindow] Using DPI 96,96
[2024-10-15 20:09:15.643] [DISPLAY] [Main ] [ui_mainwindow] Using UI Scale: 1.00
[2024-10-15 20:09:15.644] [DISPLAY] [Main ] [ui_mainwindow] Using saved geometry: 640,396 (1280 x 600)
[2024-10-15 20:09:15.680] [DISPLAY] [Main ] [systemtray] System tray: enabled
[2024-10-15 20:09:15.691] [DISPLAY] [Main ] [scuicallbacks] Enabling Downloading
[2024-10-15 20:09:15.950] [DISPLAY] [Main ] [launcher] Friend Event - Friends are Available
[2024-10-15 20:09:16.150] [DISPLAY] [Main ] [scuicallbacks] Setting updated
[2024-10-15 20:09:16.150] [DISPLAY] [Main ] [scuicallbacks] Launch requested
[2024-10-15 20:09:16.150] [DISPLAY] [Main ] [scuicallbacks] Launch requested by user: gta5, 
[2024-10-15 20:09:16.150] [DISPLAY] [Main ] [external] Frontend is ready to launch the title
[2024-10-15 20:09:16.150] [DISPLAY] [Main ] [external] Attempting external title launch...
[2024-10-15 20:09:16.259] [DISPLAY] [Setti] [localisation] Language updated to: 0
[2024-10-15 20:09:16.674] [DISPLAY] [Admin] [titlemanager] Title list updated.
[2024-10-15 20:09:16.675] [DISPLAY] [Admin] [external] Attempting Steam launch. User is 'Felix Band'
[2024-10-15 20:09:18.883] [DISPLAY] [22336] [gamelaunch] RGL is up to date (current: 1.0.96.2164, minimum: 1.0.95.2141)
[2024-10-15 20:09:18.884] [DISPLAY] [22336] [gamelaunch] Grand Theft Auto V is up to date (current: 1.0.3351.0, minimum: 1.0.1868.0)
[2024-10-15 20:09:20.751] [DISPLAY] [Main ] [cloudsaveop] Cloud Save sync requested for app 'gta5'
[2024-10-15 20:09:20.768] [DISPLAY] [Main ] [cloudsaveop] Starting cloud save enabled check for app 'gta5'
[2024-10-15 20:09:20.775] [DISPLAY] [Main ] [cloudsaveop] Received cloud saves enabled state for app 'gta5' = enabled
[2024-10-15 20:09:20.775] [DISPLAY] [Main ] [cloudsaveop] Identifying potential cloud save conflicts for app 'gta5'
[2024-10-15 20:09:21.493] [DISPLAY] [Main ] [cloudsaveop] Received modification list of cloud save files for title 'gta5'
[2024-10-15 20:09:21.493] [DISPLAY] [Main ] [cloudsaveop] Retrieving conflict metadata for app 'gta5'
[2024-10-15 20:09:21.510] [DISPLAY] [Main ] [cloudsaveop] Downloaded conflict metadata for app 'gta5'
[2024-10-15 20:09:21.510] [DISPLAY] [Main ] [cloudsaveop] Posting updated files for app 'gta5'
[2024-10-15 20:09:21.527] [DISPLAY] [Main ] [cloudsaveop] File uploading completed for app 'gta5'
[2024-10-15 20:09:21.527] [DISPLAY] [Main ] [cloudsaveop] Getting update files for app 'gta5'
[2024-10-15 20:09:21.544] [DISPLAY] [Main ] [cloudsaveop] File downloading completed for app 'gta5'
[2024-10-15 20:09:21.544] [DISPLAY] [Main ] [cloudsaveop] Deleting updated files for app 'gta5'
[2024-10-15 20:09:21.561] [DISPLAY] [Main ] [cloudsaveop] Files deletion completed for app 'gta5'
[2024-10-15 20:09:21.561] [DISPLAY] [Main ] [cloudsaveop] Swapping updated files in place for app 'gta5'
[2024-10-15 20:09:21.579] [DISPLAY] [Main ] [cloudsaveop] Finished syncing cloud saves for app 'gta5'
[2024-10-15 20:09:21.617] [DISPLAY] [net1 ] [audio] Valid Audio Device: true
[2024-10-15 20:09:23.244] [DISPLAY] [22336] [gamelaunch] Launching game...
[2024-10-15 20:09:23.244] [DISPLAY] [22336] [gamelaunch]  Path: G:\SteamLibrary\steamapps\common\Grand Theft Auto V\GTA5_BE.exe
[2024-10-15 20:09:23.244] [DISPLAY] [22336] [gamelaunch]  Command Line: "G:\SteamLibrary\steamapps\common\Grand Theft Auto V\GTA5_BE.exe" -skipPatcherCheck -steamLocation "G:\SteamLibrary\steamapps\common\Grand Theft Auto V" @args.txt -enableCrashpad -useSteam -steamAppId=271590 -scCommerceProvider=4 @commandline.txt -rglLanguage=en-US
[2024-10-15 20:09:23.244] [DISPLAY] [22336] [gamelaunch]  Working Directory: G:\SteamLibrary\steamapps\common\Grand Theft Auto V
[2024-10-15 20:14:23.486] [WARNING] [22336] [gamelaunch] 300 seconds elapsed and still no game window.
[2024-10-15 20:14:23.486] [WARNING] [22336] [gamelaunch] No game or BattlEye window exists for game tracking.
[2024-10-15 20:19:23.486] [WARNING] [22336] [gamelaunch] 300 seconds elapsed and still no game window.
[2024-10-15 20:36:33.318] [DISPLAY] [Main ] [scuicallbacks] Terminate game requested
[2024-10-15 20:36:33.318] [DISPLAY] [22336] [gamelaunch] Terminating game.
[2024-10-15 20:36:33.318] [DISPLAY] [22336] [crashdetection] Game left no exit file.
[2024-10-15 20:36:33.335] [DISPLAY] [Main ] [cloudsaveop] Cloud Save sync requested for app 'gta5'
[2024-10-15 20:36:33.353] [DISPLAY] [Main ] [cloudsaveop] Starting cloud save enabled check for app 'gta5'
[2024-10-15 20:36:33.354] [DISPLAY] [Main ] [cloudsaveop] Received cloud saves enabled state for app 'gta5' = enabled
[2024-10-15 20:36:33.354] [DISPLAY] [Main ] [cloudsaveop] Identifying potential cloud save conflicts for app 'gta5'
[2024-10-15 20:36:34.091] [DISPLAY] [Main ] [cloudsaveop] Received modification list of cloud save files for title 'gta5'
[2024-10-15 20:36:34.091] [DISPLAY] [Main ] [cloudsaveop] Retrieving conflict metadata for app 'gta5'
[2024-10-15 20:36:34.108] [DISPLAY] [Main ] [cloudsaveop] Downloaded conflict metadata for app 'gta5'
[2024-10-15 20:36:34.108] [DISPLAY] [Main ] [cloudsaveop] Posting updated files for app 'gta5'
[2024-10-15 20:36:34.125] [DISPLAY] [Main ] [cloudsaveop] File uploading completed for app 'gta5'
[2024-10-15 20:36:34.125] [DISPLAY] [Main ] [cloudsaveop] Getting update files for app 'gta5'
[2024-10-15 20:36:34.142] [DISPLAY] [Main ] [cloudsaveop] File downloading completed for app 'gta5'
[2024-10-15 20:36:34.142] [DISPLAY] [Main ] [cloudsaveop] Deleting updated files for app 'gta5'
[2024-10-15 20:36:34.159] [DISPLAY] [Main ] [cloudsaveop] Files deletion completed for app 'gta5'
[2024-10-15 20:36:34.159] [DISPLAY] [Main ] [cloudsaveop] Swapping updated files in place for app 'gta5'
[2024-10-15 20:36:34.176] [DISPLAY] [Main ] [cloudsaveop] Finished syncing cloud saves for app 'gta5'
[2024-10-15 20:36:34.903] [DISPLAY] [22336] [launcher] Shutdown requested! Forced: false
[2024-10-15 20:36:34.905] [DISPLAY] [Main ] [launcher] StartShutdown - Now in progress
[2024-10-15 20:36:35.024] [WARNING] [Main ] [worker] Not adding job due to thread exiting
[2024-10-15 20:36:35.042] [WARNING] [Main ] [worker] Not adding job due to thread exiting
[2024-10-15 20:36:35.854] [DISPLAY] [Main ] [app] Application quit requested (exit code: 0)
[2024-10-15 20:36:35.917] [DISPLAY] [Main ] [svc] Stopping the background service.
