[2024-10-24 23:25:53.187] [DISPLAY] [Main ] [launcher] Opening log file.
[2024-10-24 23:25:53.189] [DISPLAY] [Main ] [main] Command line: "C:\Program Files\Rockstar Games\Launcher\Launcher.exe" -skipPatcherCheck -steamAppId=204100 -steamLocation "G:\SteamLibrary\steamapps\common\Max Payne 3\Max Payne 3"  @args.txt
[2024-10-24 23:25:53.189] [DISPLAY] [Main ] [main] P4 Version: 
[2024-10-24 23:25:53.189] [DISPLAY] [Main ] [main] RGL Branch: release_11
[2024-10-24 23:25:53.189] [DISPLAY] [Main ] [main] Version: 1.0.96.2164
[2024-10-24 23:25:53.189] [DISPLAY] [Main ] [main] Parameters:
[2024-10-24 23:25:53.189] [DISPLAY] [Main ] [main]     C:\Program Files\Rockstar Games\Launcher\Launcher.exe
[2024-10-24 23:25:53.189] [DISPLAY] [Main ] [main]     -skipPatcherCheck
[2024-10-24 23:25:53.189] [DISPLAY] [Main ] [main]     -steamAppId=204100
[2024-10-24 23:25:53.189] [DISPLAY] [Main ] [main]     -steamLocation
[2024-10-24 23:25:53.189] [DISPLAY] [Main ] [main]     G:\SteamLibrary\steamapps\common\Max Payne 3\Max Payne 3
[2024-10-24 23:25:53.189] [DISPLAY] [Main ] [main]     @args.txt
[2024-10-24 23:25:53.189] [DISPLAY] [Main ] [main] Initial Working Directory: G:\SteamLibrary\steamapps\common\Max Payne 3\Max Payne 3
[2024-10-24 23:25:53.189] [DISPLAY] [Main ] [main] Working directory: C:\Program Files\Rockstar Games\Launcher
[2024-10-24 23:25:53.213] [DISPLAY] [Main ] [external] Creating Steam min mode launch
[2024-10-24 23:25:53.216] [DISPLAY] [Main ] [external] Steam App Id: 204100
[2024-10-24 23:25:53.216] [DISPLAY] [Main ] [external] Steam Location: G:\SteamLibrary\steamapps\common\Max Payne 3\Max Payne 3
[2024-10-24 23:25:53.217] [DISPLAY] [Main ] [metadatamanager] Read external Steam metadata: mp3
[2024-10-24 23:25:53.217] [DISPLAY] [Main ] [external] App: mp3
[2024-10-24 23:25:53.246] [DISPLAY] [Main ] [localisation] Language updated to: 0
[2024-10-24 23:25:53.271] [DISPLAY] [Main ] [titlestorage] Installed titles:
[2024-10-24 23:25:53.271] [DISPLAY] [Main ] [titlestorage]  Title                             Progress               Version              Location                                                    
[2024-10-24 23:25:53.501] [DISPLAY] [Main ] [svc] Service version: 1.0.96.2164 (1.0.96.2164)
[2024-10-24 23:25:53.816] [DISPLAY] [Main ] [minmode] Overriding language from external game launch: en-US
[2024-10-24 23:25:53.816] [DISPLAY] [Main ] [localisation] Language updated to: 0
[2024-10-24 23:25:53.817] [DISPLAY] [Main ] [fileutils] Version: 2.3.7.1 | 1.0.96.2164 | FFP
[2024-10-24 23:25:53.846] [WARNING] [Workr] [diskstateindex] File has been deleted unexpectedly! C:\Program Files\Rockstar Games\Launcher\uninstall.exe
[2024-10-24 23:25:53.857] [DISPLAY] [Workr] [selfupdate] Up-to-date.
[2024-10-24 23:25:54.451] [DISPLAY] [bgsvc] [svc] Received response from service.
[2024-10-24 23:25:54.750] [DISPLAY] [Main ] [systemtray] System tray: enabled
[2024-10-24 23:25:54.757] [DISPLAY] [Main ] [launcher] Passed check: majorVersion(10.0.22631) >= 10
[2024-10-24 23:25:54.770] [DISPLAY] [Workr] [idownloader] Starting download of 'https://gamedownloads-rockstargames-com.akamaized.net/public/launcher_online_config.xml'
[2024-10-24 23:25:54.939] [DISPLAY] [Workr] [idownloader] Completed download of 'https://gamedownloads-rockstargames-com.akamaized.net/public/launcher_online_config.xml' (status: 0/200)
[2024-10-24 23:25:54.939] [DISPLAY] [Workr] [titlemanager] Downloading title list...
[2024-10-24 23:25:54.939] [DISPLAY] [Workr] [titlemanager] Downloading default title list (SCS)...
[2024-10-24 23:25:54.939] [DISPLAY] [Workr] [idownloader] Starting download of 'https://rgl-prod.ros.rockstargames.com/launcher/11/LauncherServices/App.asmx/GetDefaultApps?accessToken='
[2024-10-24 23:25:55.503] [DISPLAY] [Workr] [idownloader] Completed download of 'https://rgl-prod.ros.rockstargames.com/launcher/11/LauncherServices/App.asmx/GetDefaultApps?accessToken=' (status: 0/200)
[2024-10-24 23:25:55.503] [DISPLAY] [Workr] [titlemanager] Title list updated.
[2024-10-24 23:25:55.503] [DISPLAY] [Workr] [launcher] Checking for self-update...
[2024-10-24 23:25:55.512] [DISPLAY] [Workr] [idownloader] Starting download of 'https://rgl-prod.ros.rockstargames.com/launcher/11/LauncherServices/App.asmx/GetBuildManifestFullNoAuth?branchAccessToken=BRANCHACCESS token="saQGNhJTh7xP1++0ldjILywSjZSTTf2Tq/iBdeWOGf27Frev4UqP3s0uOS11Ecd6Kv2x4fnRiGZj9eBD+qIXa264WgfjJmw3KbWCHsGXWbk=",signature="P8I0pIzEJn6LmfGh6YbqDcqZ+CtZPV6KwcAQ7wMK79E="'
[2024-10-24 23:25:56.212] [DISPLAY] [Workr] [idownloader] Completed download of 'https://rgl-prod.ros.rockstargames.com/launcher/11/LauncherServices/App.asmx/GetBuildManifestFullNoAuth?branchAccessToken=BRANCHACCESS token="saQGNhJTh7xP1++0ldjILywSjZSTTf2Tq/iBdeWOGf27Frev4UqP3s0uOS11Ecd6Kv2x4fnRiGZj9eBD+qIXa264WgfjJmw3KbWCHsGXWbk=",signature="P8I0pIzEJn6LmfGh6YbqDcqZ+CtZPV6KwcAQ7wMK79E="' (status: 0/200)
[2024-10-24 23:25:56.225] [DISPLAY] [Workr] [statuschecker] Title Rockstar Games Launcher: 0.0 KB / 144.59 MB
[2024-10-24 23:25:56.225] [DISPLAY] [Workr] [selfupdate] Updating launcher...
[2024-10-24 23:25:56.545] [DISPLAY] [Admin] [idownloader] Starting download of 'https://rgl-prod.ros.rockstargames.com/launcher/11/LauncherServices/App.asmx/RetrieveFileChunkNoAuthMulti'
[2024-10-24 23:25:57.172] [DISPLAY] [Admin] [idownloader] Completed download of 'https://rgl-prod.ros.rockstargames.com/launcher/11/LauncherServices/App.asmx/RetrieveFileChunkNoAuthMulti' (status: 0/200)
[2024-10-24 23:26:05.273] [DISPLAY] [Workr] [downloadprogress] Dl: D|151614880|9|10|0|0
[2024-10-24 23:26:05.282] [DISPLAY] [Workr] [titleupdater] Launcher needs to restart to be made up-to-date.
[2024-10-24 23:26:05.282] [DISPLAY] [Workr] [titleupdater] Update of Rockstar Games Launcher succeeded; needs restart to complete.
[2024-10-24 23:26:05.341] [DISPLAY] [Workr] [selfupdate] Applying downloaded self-update...
[2024-10-24 23:26:05.546] [DISPLAY] [Workr] [titlemanager] Installed launcher version in registry updated: 1.0.96.2164_S11_R5 -> 1.0.97.2200
[2024-10-24 23:26:05.546] [DISPLAY] [Workr] [title] Updated version via [sfv] for title Rockstar Games Launcher : 1.0.97.2200
[2024-10-24 23:26:06.095] [DISPLAY] [Workr] [title] Current version for title [pv] Rockstar Games Launcher : 1.0.96.2164
[2024-10-24 23:26:06.126] [DISPLAY] [Workr] [titlemanager] Installed launcher version in registry updated: 1.0.97.2200 -> 1.0.96.2164
[2024-10-24 23:26:06.271] [WARNING] [bgsvc] [svc_transactionqueue] Transaction failed: 77
[2024-10-24 23:26:06.274] [ ERROR ] [Workr] [svc_chunk] Failed to delete: C:\Program Files\Rockstar Games\Launcher\RockstarService.exe.old
[2024-10-24 23:26:06.306] [WARNING] [bgsvc] [svc_transactionqueue] Transaction failed: 78
[2024-10-24 23:26:06.308] [ ERROR ] [Workr] [svc_chunk] Failed to delete: C:\Program Files\Rockstar Games\Launcher\Launcher.exe.old
[2024-10-24 23:26:07.049] [DISPLAY] [Workr] [titlemanager] Installed launcher version in registry updated: 1.0.96.2164 -> 1.0.97.2200
[2024-10-24 23:26:07.049] [DISPLAY] [Workr] [title] Updated version via [sfv] for title Rockstar Games Launcher : 1.0.97.2200
[2024-10-24 23:26:07.082] [DISPLAY] [Workr] [selfupdate] Self-update applied, need to restart.
[2024-10-24 23:26:07.087] [DISPLAY] [Workr] [launcher] Restarting to apply self-update...
[2024-10-24 23:26:07.087] [DISPLAY] [Workr] [lifecycle] Setting to restart after exit.
[2024-10-24 23:26:07.087] [DISPLAY] [Workr] [launcher] Shutdown requested! Forced: false
[2024-10-24 23:26:07.087] [DISPLAY] [Workr] [launcher] Completed Social Club Pre-initialization tasks
[2024-10-24 23:26:07.094] [DISPLAY] [Main ] [launcher] StartShutdown - Now in progress
[2024-10-24 23:26:07.270] [DISPLAY] [Main ] [app] Application quit requested (exit code: 0)
[2024-10-24 23:26:07.286] [DISPLAY] [Main ] [svc] Stopping the background service.
