[2024-11-01 01:03:02.719] [DISPLAY] [Main ] [launcher] Opening log file.
[2024-11-01 01:03:02.725] [DISPLAY] [Main ] [main] Command line: "C:\Program Files\Rockstar Games\Launcher\Launcher.exe" -skipPatcherCheck -steamAppId=204100 -steamLocation "G:\SteamLibrary\steamapps\common\Max Payne 3\Max Payne 3"  @args.txt
[2024-11-01 01:03:02.725] [DISPLAY] [Main ] [main] P4 Version: 
[2024-11-01 01:03:02.725] [DISPLAY] [Main ] [main] RGL Branch: release_12
[2024-11-01 01:03:02.725] [DISPLAY] [Main ] [main] Version: 1.0.97.2200
[2024-11-01 01:03:02.725] [DISPLAY] [Main ] [main] Parameters:
[2024-11-01 01:03:02.725] [DISPLAY] [Main ] [main]     C:\Program Files\Rockstar Games\Launcher\Launcher.exe
[2024-11-01 01:03:02.725] [DISPLAY] [Main ] [main]     -skipPatcherCheck
[2024-11-01 01:03:02.725] [DISPLAY] [Main ] [main]     -steamAppId=204100
[2024-11-01 01:03:02.725] [DISPLAY] [Main ] [main]     -steamLocation
[2024-11-01 01:03:02.725] [DISPLAY] [Main ] [main]     G:\SteamLibrary\steamapps\common\Max Payne 3\Max Payne 3
[2024-11-01 01:03:02.725] [DISPLAY] [Main ] [main]     @args.txt
[2024-11-01 01:03:02.725] [DISPLAY] [Main ] [main] Initial Working Directory: G:\SteamLibrary\steamapps\common\Max Payne 3\Max Payne 3
[2024-11-01 01:03:02.725] [DISPLAY] [Main ] [main] Working directory: C:\Program Files\Rockstar Games\Launcher
[2024-11-01 01:03:02.748] [DISPLAY] [Main ] [external] Creating Steam min mode launch
[2024-11-01 01:03:02.751] [DISPLAY] [Main ] [external] Steam App Id: 204100
[2024-11-01 01:03:02.751] [DISPLAY] [Main ] [external] Steam Location: G:\SteamLibrary\steamapps\common\Max Payne 3\Max Payne 3
[2024-11-01 01:03:02.751] [DISPLAY] [Main ] [metadatamanager] Read external Steam metadata: mp3
[2024-11-01 01:03:02.751] [DISPLAY] [Main ] [external] App: mp3
[2024-11-01 01:03:02.786] [DISPLAY] [Main ] [localisation] Language updated to: 0
[2024-11-01 01:03:02.810] [DISPLAY] [Main ] [titlestorage] Installed titles:
[2024-11-01 01:03:02.810] [DISPLAY] [Main ] [titlestorage]  Title                             Progress               Version              Location                                                    
[2024-11-01 01:03:03.041] [DISPLAY] [Main ] [svc] Service version: 1.0.97.2200 (1.0.97.2200)
[2024-11-01 01:03:03.348] [DISPLAY] [Main ] [minmode] Overriding language from external game launch: en-US
[2024-11-01 01:03:03.348] [DISPLAY] [Main ] [localisation] Language updated to: 0
[2024-11-01 01:03:03.349] [DISPLAY] [Main ] [fileutils] Version: 2.3.7.8 | 1.0.97.2200 | FFP
[2024-11-01 01:03:03.387] [DISPLAY] [Workr] [selfupdate] Up-to-date.
[2024-11-01 01:03:03.520] [DISPLAY] [Main ] [systemtray] System tray: enabled
[2024-11-01 01:03:03.528] [DISPLAY] [Main ] [launcher] Passed check: majorVersion(10.0.22631) >= 10
[2024-11-01 01:03:04.138] [DISPLAY] [bgsvc] [svc] Received response from service.
[2024-11-01 01:03:04.183] [DISPLAY] [Workr] [idownloader] Starting download of 'https://gamedownloads-rockstargames-com.akamaized.net/public/launcher_online_config.xml'
[2024-11-01 01:03:04.341] [DISPLAY] [Workr] [idownloader] Completed download of 'https://gamedownloads-rockstargames-com.akamaized.net/public/launcher_online_config.xml' (status: 0/200)
[2024-11-01 01:03:04.341] [DISPLAY] [Workr] [titlemanager] Downloading title list...
[2024-11-01 01:03:04.341] [DISPLAY] [Workr] [titlemanager] Downloading default title list (SCS)...
[2024-11-01 01:03:04.341] [DISPLAY] [Workr] [idownloader] Starting download of 'https://rgl-prod.ros.rockstargames.com/launcher/11/LauncherServices/App.asmx/GetDefaultApps?accessToken='
[2024-11-01 01:03:04.890] [DISPLAY] [Workr] [idownloader] Completed download of 'https://rgl-prod.ros.rockstargames.com/launcher/11/LauncherServices/App.asmx/GetDefaultApps?accessToken=' (status: 0/200)
[2024-11-01 01:03:04.890] [DISPLAY] [Workr] [titlemanager] Title list updated.
[2024-11-01 01:03:04.890] [DISPLAY] [Workr] [launcher] Checking for self-update...
[2024-11-01 01:03:04.900] [DISPLAY] [Workr] [statuschecker] Title Rockstar Games Launcher: No update
[2024-11-01 01:03:04.905] [DISPLAY] [Workr] [launcher] No self-update, continuing.
[2024-11-01 01:03:04.905] [DISPLAY] [Workr] [launcher] Checking for prerequisite updates...
[2024-11-01 01:03:04.939] [DISPLAY] [Workr] [preqmanager] The Social Club version available matches that currently installed (both: 2.3.7.8)
[2024-11-01 01:03:04.939] [DISPLAY] [Workr] [titleupdater] No prerequisites to install.
[2024-11-01 01:03:04.939] [DISPLAY] [Workr] [launcher] Checking minimum SDK requirement
[2024-11-01 01:03:04.941] [DISPLAY] [Workr] [launcher] Completed Social Club Pre-initialization tasks
[2024-11-01 01:03:06.646] [DISPLAY] [Main ] [launcher] Social Club UI has started.
[2024-11-01 01:03:06.647] [DISPLAY] [Admin] [external] Setting up steam title: mp3
[2024-11-01 01:03:06.647] [DISPLAY] [Admin] [external] Successfully setup title
[2024-11-01 01:03:06.663] [DISPLAY] [Main ] [external] Client is ready to attempt a launch.
[2024-11-01 01:03:10.908] [DISPLAY] [Main ] [launcher] Presence Event - Signed In
[2024-11-01 01:03:10.908] [DISPLAY] [Main ] [launcher] User 'FelixBand' is now signed in
[2024-11-01 01:03:10.942] [DISPLAY] [Main ] [launcher] Presence Event :: Went Online
[2024-11-01 01:03:10.942] [DISPLAY] [Admin] [titlemanager] Downloading title list...
[2024-11-01 01:03:10.943] [DISPLAY] [Main ] [launcher] Time to start up: 8298 ms
[2024-11-01 01:03:10.948] [DISPLAY] [Main ] [ui_mainwindow] Using DPI 96,96
[2024-11-01 01:03:10.948] [DISPLAY] [Main ] [ui_mainwindow] Using UI Scale: 1.00
[2024-11-01 01:03:10.949] [DISPLAY] [Admin] [titlemanager] Downloading title list (SCS)...
[2024-11-01 01:03:10.949] [DISPLAY] [Main ] [ui_mainwindow] Using saved geometry: 640,396 (1280 x 600)
[2024-11-01 01:03:10.958] [DISPLAY] [Main ] [systemtray] System tray: enabled
[2024-11-01 01:03:10.970] [DISPLAY] [Main ] [scuicallbacks] Enabling Downloading
[2024-11-01 01:03:11.263] [DISPLAY] [Main ] [launcher] Friend Event - Friends are Available
[2024-11-01 01:03:11.465] [DISPLAY] [Main ] [scuicallbacks] Setting updated
[2024-11-01 01:03:11.465] [DISPLAY] [Main ] [scuicallbacks] Launch requested
[2024-11-01 01:03:11.465] [DISPLAY] [Main ] [scuicallbacks] Launch requested by user: mp3, 
[2024-11-01 01:03:11.465] [DISPLAY] [Main ] [external] Frontend is ready to launch the title
[2024-11-01 01:03:11.465] [DISPLAY] [Main ] [external] Attempting external title launch...
[2024-11-01 01:03:11.580] [DISPLAY] [Setti] [localisation] Language updated to: 0
[2024-11-01 01:03:12.000] [DISPLAY] [Admin] [titlemanager] Title list updated.
[2024-11-01 01:03:12.000] [DISPLAY] [Admin] [external] Attempting Steam launch. User is 'Felix Band'
[2024-11-01 01:03:12.070] [DISPLAY] [21256] [gamelaunch] Title has no minimum RGL version.
[2024-11-01 01:03:12.070] [DISPLAY] [21256] [gamelaunch] Title has no minimum RGL version.
[2024-11-01 01:03:13.160] [DISPLAY] [Admin] [titlemanager] Downloading title list...
[2024-11-01 01:03:13.160] [DISPLAY] [Admin] [titlemanager] Downloading title list (SCS)...
[2024-11-01 01:03:13.906] [DISPLAY] [Admin] [titlemanager] Title list updated.
[2024-11-01 01:03:16.282] [DISPLAY] [21256] [gamelaunch] Launching game...
[2024-11-01 01:03:16.282] [DISPLAY] [21256] [gamelaunch]  Path: G:\SteamLibrary\steamapps\common\Max Payne 3\Max Payne 3\MaxPayne3.exe
[2024-11-01 01:03:16.282] [DISPLAY] [21256] [gamelaunch]  Command Line: "G:\SteamLibrary\steamapps\common\Max Payne 3\Max Payne 3\MaxPayne3.exe" -skipPatcherCheck -steamLocation "G:\SteamLibrary\steamapps\common\Max Payne 3\Max Payne 3" @args.txt -useSteam -steamAppId=204100 -scCommerceProvider=4 @commandline.txt -fromRGL -rglLanguage=en-US
[2024-11-01 01:03:16.282] [DISPLAY] [21256] [gamelaunch]  Working Directory: G:\SteamLibrary\steamapps\common\Max Payne 3\Max Payne 3
[2024-11-01 01:25:22.097] [DISPLAY] [21256] [gamelaunch] Game exited with code 0xc0000005 (3221225477)
[2024-11-01 01:25:22.137] [DISPLAY] [21256] [crashdetection] Game left no exit file.
[2024-11-01 01:25:22.137] [ ERROR ] [21256] [crashdetection] Exit code 0xc0000005 indicates a fatal game exit (reason: STATUS_ACCESS_VIOLATION)
[2024-11-01 01:25:22.967] [DISPLAY] [21256] [launcher] Shutdown requested! Forced: false
[2024-11-01 01:25:22.968] [DISPLAY] [Main ] [launcher] StartShutdown - Now in progress
[2024-11-01 01:25:23.081] [DISPLAY] [Main ] [svc] Stopping the background service.
[2024-11-01 01:25:23.081] [WARNING] [Main ] [worker] Not adding job due to thread exiting
[2024-11-01 01:25:23.097] [WARNING] [Main ] [worker] Not adding job due to thread exiting
[2024-11-01 01:25:23.951] [DISPLAY] [Main ] [app] Application quit requested (exit code: 0)
